2018-05-21 16:17:25.544+0000 WARN [o.n.i.p.PageCache] The dbms.memory.pagecache.size setting has not been configured. It is recommended that this setting is always explicitly configured, to ensure the system has a balanced configuration. Until then, a computed heuristic value of 8112570368 bytes will be used instead. Run `neo4j-admin memrec` for memory configuration suggestions.
2018-05-21 16:17:25.996+0000 INFO [o.n.k.i.f.CommunityEditionModule] No locking implementation specified, defaulting to 'community'
2018-05-21 16:17:26.191+0000 INFO [o.n.k.AvailabilityGuard] Requirement makes database unavailable: Database available
2018-05-21 16:17:26.209+0000 INFO [o.n.k.i.DiagnosticsManager] --- INITIALIZED diagnostics START ---
2018-05-21 16:17:26.209+0000 INFO [o.n.k.i.DiagnosticsManager] Neo4j Kernel properties:
2018-05-21 16:17:26.209+0000 INFO [o.n.k.i.DiagnosticsManager] dbms.connector.http.enabled=true
2018-05-21 16:17:26.209+0000 INFO [o.n.k.i.DiagnosticsManager] dbms.active_database=movies.db
2018-05-21 16:17:26.209+0000 INFO [o.n.k.i.DiagnosticsManager] dbms.windows_service_name=neo4j
2018-05-21 16:17:26.210+0000 INFO [o.n.k.i.DiagnosticsManager] unsupported.dbms.directories.neo4j_home=/Users/dpittm204/Downloads/neo4j-community-3.4.0/bin/../data/databases/movies.db
2018-05-21 16:17:26.210+0000 INFO [o.n.k.i.DiagnosticsManager] dbms.directories.import=import
2018-05-21 16:17:26.210+0000 INFO [o.n.k.i.DiagnosticsManager] unsupported.dbms.ephemeral=false
2018-05-21 16:17:26.210+0000 INFO [o.n.k.i.DiagnosticsManager] dbms.allow_upgrade=true
2018-05-21 16:17:26.210+0000 INFO [o.n.k.i.DiagnosticsManager] unsupported.dbms.edition=community
2018-05-21 16:17:26.210+0000 INFO [o.n.k.i.DiagnosticsManager] dbms.read_only=false
2018-05-21 16:17:26.210+0000 INFO [o.n.k.i.DiagnosticsManager] dbms.connector.bolt.enabled=true
2018-05-21 16:17:26.210+0000 INFO [o.n.k.i.DiagnosticsManager] dbms.connector.https.enabled=true
2018-05-21 16:17:26.210+0000 INFO [o.n.k.i.DiagnosticsManager] dbms.jvm.additional=-Dunsupported.dbms.udc.source=tarball
2018-05-21 16:17:26.210+0000 INFO [o.n.k.i.DiagnosticsManager] dbms.tx_log.rotation.retention_policy=1 days
2018-05-21 16:17:26.210+0000 INFO [o.n.k.i.DiagnosticsManager] unsupported.dbms.disconnected=true
2018-05-21 16:17:26.211+0000 INFO [o.n.k.i.DiagnosticsManager] Diagnostics providers:
2018-05-21 16:17:26.211+0000 INFO [o.n.k.i.DiagnosticsManager] org.neo4j.kernel.configuration.Config
2018-05-21 16:17:26.211+0000 INFO [o.n.k.i.DiagnosticsManager] org.neo4j.kernel.info.DiagnosticsManager
2018-05-21 16:17:26.211+0000 INFO [o.n.k.i.DiagnosticsManager] SYSTEM_MEMORY
2018-05-21 16:17:26.211+0000 INFO [o.n.k.i.DiagnosticsManager] JAVA_MEMORY
2018-05-21 16:17:26.211+0000 INFO [o.n.k.i.DiagnosticsManager] OPERATING_SYSTEM
2018-05-21 16:17:26.211+0000 INFO [o.n.k.i.DiagnosticsManager] JAVA_VIRTUAL_MACHINE
2018-05-21 16:17:26.211+0000 INFO [o.n.k.i.DiagnosticsManager] CLASSPATH
2018-05-21 16:17:26.211+0000 INFO [o.n.k.i.DiagnosticsManager] LIBRARY_PATH
2018-05-21 16:17:26.211+0000 INFO [o.n.k.i.DiagnosticsManager] SYSTEM_PROPERTIES
2018-05-21 16:17:26.211+0000 INFO [o.n.k.i.DiagnosticsManager] TIMEZONE_DATABASE
2018-05-21 16:17:26.211+0000 INFO [o.n.k.i.DiagnosticsManager] NETWORK
2018-05-21 16:17:26.211+0000 INFO [o.n.k.i.DiagnosticsManager] System memory information:
2018-05-21 16:17:26.227+0000 INFO [o.n.k.i.DiagnosticsManager] Total Physical memory: 16.00 GB
2018-05-21 16:17:26.228+0000 INFO [o.n.k.i.DiagnosticsManager] Free Physical memory: 1.27 GB
2018-05-21 16:17:26.228+0000 INFO [o.n.k.i.DiagnosticsManager] Committed virtual memory: 6.57 GB
2018-05-21 16:17:26.229+0000 INFO [o.n.k.i.DiagnosticsManager] Total swap space: 11.00 GB
2018-05-21 16:17:26.229+0000 INFO [o.n.k.i.DiagnosticsManager] Free swap space: 1.41 GB
2018-05-21 16:17:26.229+0000 INFO [o.n.k.i.DiagnosticsManager] JVM memory information:
2018-05-21 16:17:26.229+0000 INFO [o.n.k.i.DiagnosticsManager] Free  memory: 390.40 MB
2018-05-21 16:17:26.230+0000 INFO [o.n.k.i.DiagnosticsManager] Total memory: 491.00 MB
2018-05-21 16:17:26.230+0000 INFO [o.n.k.i.DiagnosticsManager] Max   memory: 910.50 MB
2018-05-21 16:17:26.234+0000 INFO [o.n.k.i.DiagnosticsManager] Garbage Collector: PS Scavenge: [PS Eden Space, PS Survivor Space]
2018-05-21 16:17:26.234+0000 INFO [o.n.k.i.DiagnosticsManager] Garbage Collector: PS MarkSweep: [PS Eden Space, PS Survivor Space, PS Old Gen]
2018-05-21 16:17:26.235+0000 INFO [o.n.k.i.DiagnosticsManager] Memory Pool: Code Cache (Non-heap memory): committed=5.31 MB, used=5.26 MB, max=240.00 MB, threshold=0.00 B
2018-05-21 16:17:26.235+0000 INFO [o.n.k.i.DiagnosticsManager] Memory Pool: Metaspace (Non-heap memory): committed=14.50 MB, used=13.57 MB, max=-1.00 B, threshold=0.00 B
2018-05-21 16:17:26.236+0000 INFO [o.n.k.i.DiagnosticsManager] Memory Pool: Compressed Class Space (Non-heap memory): committed=2.00 MB, used=1.79 MB, max=1.00 GB, threshold=0.00 B
2018-05-21 16:17:26.236+0000 INFO [o.n.k.i.DiagnosticsManager] Memory Pool: PS Eden Space (Heap memory): committed=128.50 MB, used=100.60 MB, max=299.00 MB, threshold=?
2018-05-21 16:17:26.236+0000 INFO [o.n.k.i.DiagnosticsManager] Memory Pool: PS Survivor Space (Heap memory): committed=21.00 MB, used=0.00 B, max=21.00 MB, threshold=?
2018-05-21 16:17:26.236+0000 INFO [o.n.k.i.DiagnosticsManager] Memory Pool: PS Old Gen (Heap memory): committed=341.50 MB, used=0.00 B, max=683.00 MB, threshold=0.00 B
2018-05-21 16:17:26.236+0000 INFO [o.n.k.i.DiagnosticsManager] Operating system information:
2018-05-21 16:17:26.237+0000 INFO [o.n.k.i.DiagnosticsManager] Operating System: Mac OS X; version: 10.13.4; arch: x86_64; cpus: 8
2018-05-21 16:17:26.238+0000 INFO [o.n.k.i.DiagnosticsManager] Max number of file descriptors: 10240
2018-05-21 16:17:26.238+0000 INFO [o.n.k.i.DiagnosticsManager] Number of open file descriptors: 113
2018-05-21 16:17:26.251+0000 INFO [o.n.k.i.DiagnosticsManager] Process id: 34688@HQSML-147499
2018-05-21 16:17:26.251+0000 INFO [o.n.k.i.DiagnosticsManager] Byte order: LITTLE_ENDIAN
2018-05-21 16:17:26.258+0000 INFO [o.n.k.i.DiagnosticsManager] Local timezone: America/Denver
2018-05-21 16:17:26.258+0000 INFO [o.n.k.i.DiagnosticsManager] JVM information:
2018-05-21 16:17:26.258+0000 INFO [o.n.k.i.DiagnosticsManager] VM Name: Java HotSpot(TM) 64-Bit Server VM
2018-05-21 16:17:26.258+0000 INFO [o.n.k.i.DiagnosticsManager] VM Vendor: Oracle Corporation
2018-05-21 16:17:26.258+0000 INFO [o.n.k.i.DiagnosticsManager] VM Version: 25.161-b12
2018-05-21 16:17:26.259+0000 INFO [o.n.k.i.DiagnosticsManager] JIT compiler: HotSpot 64-Bit Tiered Compilers
2018-05-21 16:17:26.259+0000 INFO [o.n.k.i.DiagnosticsManager] VM Arguments: [-Xms512m, -Xmx1024m, -XX:PermSize=128m, -XX:MaxPermSize=256m, -Dfile.encoding=UTF-8]
2018-05-21 16:17:26.259+0000 INFO [o.n.k.i.DiagnosticsManager] Java classpath:
2018-05-21 16:17:26.260+0000 INFO [o.n.k.i.DiagnosticsManager]  [classpath + loader.0] file:/Users/dpittm204/Downloads/neo4j-community-3.4.0/lib/neo4j-browser-3.1.12.jar
2018-05-21 16:17:26.261+0000 INFO [o.n.k.i.DiagnosticsManager]  [classpath + loader.0] file:/Users/dpittm204/Downloads/neo4j-community-3.4.0/lib/jetty-server-9.4.8.v20171121.jar
2018-05-21 16:17:26.261+0000 INFO [o.n.k.i.DiagnosticsManager]  [classpath + loader.0] file:/Users/dpittm204/Downloads/neo4j-community-3.4.0/lib/neo4j-resource-3.4.0.jar
2018-05-21 16:17:26.261+0000 INFO [o.n.k.i.DiagnosticsManager]  [classpath + loader.0] file:/Users/dpittm204/Downloads/neo4j-community-3.4.0/lib/commons-logging-1.1.1.jar
2018-05-21 16:17:26.261+0000 INFO [o.n.k.i.DiagnosticsManager]  [loader.1] file:/Library/Java/JavaVirtualMachines/jdk1.8.0_161.jdk/Contents/Home/jre/lib/ext/sunjce_provider.jar
2018-05-21 16:17:26.261+0000 INFO [o.n.k.i.DiagnosticsManager]  [classpath + loader.0] file:/Users/dpittm204/Downloads/neo4j-community-3.4.0/lib/jetty-servlet-9.4.8.v20171121.jar
2018-05-21 16:17:26.261+0000 INFO [o.n.k.i.DiagnosticsManager]  [classpath + loader.0] file:/Users/dpittm204/Downloads/neo4j-community-3.4.0/lib/neo4j-dbms-3.4.0.jar
2018-05-21 16:17:26.261+0000 INFO [o.n.k.i.DiagnosticsManager]  [classpath + loader.0] file:/Users/dpittm204/Downloads/neo4j-community-3.4.0/lib/neo4j-import-tool-3.4.0.jar
2018-05-21 16:17:26.261+0000 INFO [o.n.k.i.DiagnosticsManager]  [classpath + loader.0] file:/Users/dpittm204/Downloads/neo4j-community-3.4.0/lib/bcprov-jdk15on-1.59.jar
2018-05-21 16:17:26.261+0000 INFO [o.n.k.i.DiagnosticsManager]  [loader.1] file:/Library/Java/JavaVirtualMachines/jdk1.8.0_161.jdk/Contents/Home/jre/lib/ext/localedata.jar
2018-05-21 16:17:26.261+0000 INFO [o.n.k.i.DiagnosticsManager]  [loader.1] file:/Library/Java/JavaVirtualMachines/jdk1.8.0_161.jdk/Contents/Home/jre/lib/ext/sunpkcs11.jar
2018-05-21 16:17:26.261+0000 INFO [o.n.k.i.DiagnosticsManager]  [classpath + loader.0] file:/Users/dpittm204/Downloads/neo4j-community-3.4.0/lib/neo4j-csv-3.4.0.jar
2018-05-21 16:17:26.261+0000 INFO [o.n.k.i.DiagnosticsManager]  [bootstrap] /Library/Java/JavaVirtualMachines/jdk1.8.0_161.jdk/Contents/Home/jre/lib/rt.jar
2018-05-21 16:17:26.261+0000 INFO [o.n.k.i.DiagnosticsManager]  [classpath + loader.0] file:/Users/dpittm204/Downloads/neo4j-community-3.4.0/lib/lucene-codecs-5.5.5.jar
2018-05-21 16:17:26.261+0000 INFO [o.n.k.i.DiagnosticsManager]  [classpath + loader.0] file:/Users/dpittm204/Downloads/neo4j-community-3.4.0/lib/jPowerShell-1.9.jar
2018-05-21 16:17:26.261+0000 INFO [o.n.k.i.DiagnosticsManager]  [classpath + loader.0] file:/Users/dpittm204/Downloads/neo4j-community-3.4.0/lib/neo4j-server-3.4.0.jar
2018-05-21 16:17:26.261+0000 INFO [o.n.k.i.DiagnosticsManager]  [classpath + loader.0] file:/Users/dpittm204/Downloads/neo4j-community-3.4.0/lib/neo4j-lucene-upgrade-3.4.0.jar
2018-05-21 16:17:26.261+0000 INFO [o.n.k.i.DiagnosticsManager]  [classpath + loader.0] file:/Users/dpittm204/Downloads/neo4j-community-3.4.0/lib/jetty-http-9.4.8.v20171121.jar
2018-05-21 16:17:26.262+0000 INFO [o.n.k.i.DiagnosticsManager]  [classpath + loader.0] file:/Users/dpittm204/Downloads/neo4j-community-3.4.0/lib/jetty-security-9.4.8.v20171121.jar
2018-05-21 16:17:26.262+0000 INFO [o.n.k.i.DiagnosticsManager]  [classpath + loader.0] file:/Users/dpittm204/Downloads/neo4j-community-3.4.0/lib/neo4j-udc-3.4.0.jar
2018-05-21 16:17:26.262+0000 INFO [o.n.k.i.DiagnosticsManager]  [classpath + loader.0] file:/Users/dpittm204/Downloads/neo4j-community-3.4.0/lib/neo4j-kernel-api-3.4.0.jar
2018-05-21 16:17:26.262+0000 INFO [o.n.k.i.DiagnosticsManager]  [loader.1] file:/Library/Java/JavaVirtualMachines/jdk1.8.0_161.jdk/Contents/Home/jre/lib/ext/sunec.jar
2018-05-21 16:17:26.262+0000 INFO [o.n.k.i.DiagnosticsManager]  [bootstrap] /Library/Java/JavaVirtualMachines/jdk1.8.0_161.jdk/Contents/Home/jre/lib/sunrsasign.jar
2018-05-21 16:17:26.262+0000 INFO [o.n.k.i.DiagnosticsManager]  [bootstrap] /Library/Java/JavaVirtualMachines/jdk1.8.0_161.jdk/Contents/Home/jre/classes
2018-05-21 16:17:26.262+0000 INFO [o.n.k.i.DiagnosticsManager]  [classpath + loader.0] file:/Users/dpittm204/Downloads/neo4j-community-3.4.0/lib/neo4j-cypher-planner-spi-3.4-3.4.0.jar
2018-05-21 16:17:26.262+0000 INFO [o.n.k.i.DiagnosticsManager]  [classpath + loader.0] file:/Users/dpittm204/Downloads/neo4j-community-3.4.0/lib/neo4j-lucene-index-3.4.0.jar
2018-05-21 16:17:26.262+0000 INFO [o.n.k.i.DiagnosticsManager]  [classpath + loader.0] file:/Users/dpittm204/Downloads/neo4j-community-3.4.0/lib/commons-lang3-3.7.jar
2018-05-21 16:17:26.262+0000 INFO [o.n.k.i.DiagnosticsManager]  [classpath + loader.0] file:/Users/dpittm204/Downloads/neo4j-community-3.4.0/lib/commons-configuration-1.10.jar
2018-05-21 16:17:26.262+0000 INFO [o.n.k.i.DiagnosticsManager]  [classpath + loader.0] file:/Users/dpittm204/Downloads/neo4j-community-3.4.0/lib/neo4j-graph-algo-3.4.0.jar
2018-05-21 16:17:26.262+0000 INFO [o.n.k.i.DiagnosticsManager]  [classpath + loader.0] file:/Users/dpittm204/Downloads/neo4j-community-3.4.0/lib/javax.servlet-api-3.1.0.jar
2018-05-21 16:17:26.262+0000 INFO [o.n.k.i.DiagnosticsManager]  [loader.1] file:/Library/Java/JavaVirtualMachines/jdk1.8.0_161.jdk/Contents/Home/jre/lib/ext/nashorn.jar
2018-05-21 16:17:26.262+0000 INFO [o.n.k.i.DiagnosticsManager]  [classpath + loader.0] file:/Users/dpittm204/Downloads/neo4j-community-3.4.0/lib/jetty-xml-9.4.8.v20171121.jar
2018-05-21 16:17:26.262+0000 INFO [o.n.k.i.DiagnosticsManager]  [classpath + loader.0] file:/Users/dpittm204/Downloads/neo4j-community-3.4.0/lib/neo4j-cypher-expression-3.4-3.4.0.jar
2018-05-21 16:17:26.263+0000 INFO [o.n.k.i.DiagnosticsManager]  [classpath + loader.0] file:/Users/dpittm204/Downloads/neo4j-community-3.4.0/lib/neo4j-cypher-frontend-3.3-3.3.5.jar
2018-05-21 16:17:26.263+0000 INFO [o.n.k.i.DiagnosticsManager]  [classpath + loader.0] file:/Users/dpittm204/Downloads/neo4j-community-3.4.0/lib/neo4j-unsafe-3.4.0.jar
2018-05-21 16:17:26.263+0000 INFO [o.n.k.i.DiagnosticsManager]  [classpath + loader.0] file:/Users/dpittm204/Downloads/neo4j-community-3.4.0/lib/neo4j-cypher-compiler-2.3-2.3.12.jar
2018-05-21 16:17:26.263+0000 INFO [o.n.k.i.DiagnosticsManager]  [classpath + loader.0] file:/Users/dpittm204/Downloads/neo4j-community-3.4.0/lib/neo4j-cypher-frontend-3.1-3.1.8.jar
2018-05-21 16:17:26.263+0000 INFO [o.n.k.i.DiagnosticsManager]  [loader.1] file:/Library/Java/JavaVirtualMachines/jdk1.8.0_161.jdk/Contents/Home/jre/lib/ext/cldrdata.jar
2018-05-21 16:17:26.263+0000 INFO [o.n.k.i.DiagnosticsManager]  [classpath + loader.0] file:/Users/dpittm204/Downloads/neo4j-community-3.4.0/lib/neo4j-logging-3.4.0.jar
2018-05-21 16:17:26.263+0000 INFO [o.n.k.i.DiagnosticsManager]  [loader.1] file:/Library/Java/JavaVirtualMachines/jdk1.8.0_161.jdk/Contents/Home/jre/lib/ext/jaccess.jar
2018-05-21 16:17:26.263+0000 INFO [o.n.k.i.DiagnosticsManager]  [classpath + loader.0] file:/Users/dpittm204/Downloads/neo4j-community-3.4.0/lib/jline-2.12.jar
2018-05-21 16:17:26.263+0000 INFO [o.n.k.i.DiagnosticsManager]  [classpath + loader.0] file:/Users/dpittm204/Downloads/neo4j-community-3.4.0/lib/neo4j-graph-matching-3.1.6.jar
2018-05-21 16:17:26.263+0000 INFO [o.n.k.i.DiagnosticsManager]  [bootstrap] /Library/Java/JavaVirtualMachines/jdk1.8.0_161.jdk/Contents/Home/jre/lib/jfr.jar
2018-05-21 16:17:26.263+0000 INFO [o.n.k.i.DiagnosticsManager]  [bootstrap] /Library/Java/JavaVirtualMachines/jdk1.8.0_161.jdk/Contents/Home/jre/lib/jsse.jar
2018-05-21 16:17:26.263+0000 INFO [o.n.k.i.DiagnosticsManager]  [classpath + loader.0] file:/Users/dpittm204/Downloads/neo4j-community-3.4.0/lib/neo4j-bolt-3.4.0.jar
2018-05-21 16:17:26.263+0000 INFO [o.n.k.i.DiagnosticsManager]  [classpath + loader.0] file:/Users/dpittm204/Downloads/neo4j-community-3.4.0/lib/neo4j-jmx-3.4.0.jar
2018-05-21 16:17:26.263+0000 INFO [o.n.k.i.DiagnosticsManager]  [classpath + loader.0] file:/Users/dpittm204/Downloads/neo4j-community-3.4.0/lib/neo4j-cypher-3.4.0.jar
2018-05-21 16:17:26.263+0000 INFO [o.n.k.i.DiagnosticsManager]  [classpath + loader.0] file:/Users/dpittm204/Downloads/neo4j-community-3.4.0/lib/jersey-core-1.19.3.jar
2018-05-21 16:17:26.263+0000 INFO [o.n.k.i.DiagnosticsManager]  [bootstrap] /Library/Java/JavaVirtualMachines/jdk1.8.0_161.jdk/Contents/Home/jre/lib/charsets.jar
2018-05-21 16:17:26.263+0000 INFO [o.n.k.i.DiagnosticsManager]  [classpath + loader.0] file:/Users/dpittm204/Downloads/neo4j-community-3.4.0/lib/neo4j-shell-3.4.0.jar
2018-05-21 16:17:26.264+0000 INFO [o.n.k.i.DiagnosticsManager]  [classpath + loader.0] file:/Users/dpittm204/Downloads/neo4j-community-3.4.0/lib/neo4j-consistency-check-3.4.0.jar
2018-05-21 16:17:26.264+0000 INFO [o.n.k.i.DiagnosticsManager]  [classpath + loader.0] file:/Users/dpittm204/Downloads/neo4j-community-3.4.0/lib/neo4j-cypher-compiler-3.3-3.3.5.jar
2018-05-21 16:17:26.264+0000 INFO [o.n.k.i.DiagnosticsManager]  [classpath + loader.0] file:/Users/dpittm204/Downloads/neo4j-community-3.4.0/lib/neo4j-cypher-frontend-2.3-2.3.12.jar
2018-05-21 16:17:26.264+0000 INFO [o.n.k.i.DiagnosticsManager]  [classpath + loader.0] file:/Users/dpittm204/Downloads/neo4j-community-3.4.0/lib/commons-text-1.3.jar
2018-05-21 16:17:26.264+0000 INFO [o.n.k.i.DiagnosticsManager]  [classpath + loader.0] file:/Users/dpittm204/Downloads/neo4j-community-3.4.0/lib/commons-io-2.6.jar
2018-05-21 16:17:26.264+0000 INFO [o.n.k.i.DiagnosticsManager]  [classpath + loader.0] file:/Users/dpittm204/Downloads/neo4j-community-3.4.0/lib/neo4j-values-3.4.0.jar
2018-05-21 16:17:26.264+0000 INFO [o.n.k.i.DiagnosticsManager]  [classpath + loader.0] file:/Users/dpittm204/Downloads/neo4j-community-3.4.0/lib/server-api-3.4.0.jar
2018-05-21 16:17:26.264+0000 INFO [o.n.k.i.DiagnosticsManager]  [loader.1] file:/Library/Java/JavaVirtualMachines/jdk1.8.0_161.jdk/Contents/Home/jre/lib/ext/dnsns.jar
2018-05-21 16:17:26.264+0000 INFO [o.n.k.i.DiagnosticsManager]  [classpath + loader.0] file:/Library/Java/JavaVirtualMachines/jdk1.8.0_161.jdk/Contents/Home/lib/tools.jar
2018-05-21 16:17:26.264+0000 INFO [o.n.k.i.DiagnosticsManager]  [classpath + loader.0] file:/Users/dpittm204/Downloads/neo4j-community-3.4.0/lib/rhino-1.7.9.jar
2018-05-21 16:17:26.264+0000 INFO [o.n.k.i.DiagnosticsManager]  [classpath + loader.0] file:/Users/dpittm204/Downloads/neo4j-community-3.4.0/plugins/
2018-05-21 16:17:26.264+0000 INFO [o.n.k.i.DiagnosticsManager]  [classpath + loader.0] file:/Users/dpittm204/Downloads/neo4j-community-3.4.0/lib/commons-compress-1.16.1.jar
2018-05-21 16:17:26.264+0000 INFO [o.n.k.i.DiagnosticsManager]  [classpath + loader.0] file:/Users/dpittm204/Downloads/neo4j-community-3.4.0/lib/commons-lang-2.6.jar
2018-05-21 16:17:26.264+0000 INFO [o.n.k.i.DiagnosticsManager]  [classpath + loader.0] file:/Users/dpittm204/Downloads/neo4j-community-3.4.0/lib/neo4j-cypher-runtime-util-3.4.0.jar
2018-05-21 16:17:26.264+0000 INFO [o.n.k.i.DiagnosticsManager]  [classpath + loader.0] file:/Users/dpittm204/Downloads/neo4j-community-3.4.0/lib/netty-all-4.1.24.Final.jar
2018-05-21 16:17:26.264+0000 INFO [o.n.k.i.DiagnosticsManager]  [classpath + loader.0] file:/Users/dpittm204/Downloads/neo4j-community-3.4.0/lib/neo4j-io-3.4.0.jar
2018-05-21 16:17:26.265+0000 INFO [o.n.k.i.DiagnosticsManager]  [classpath + loader.0] file:/Users/dpittm204/Downloads/neo4j-community-3.4.0/lib/neo4j-cypher-planner-3.4-3.4.0.jar
2018-05-21 16:17:26.265+0000 INFO [o.n.k.i.DiagnosticsManager]  [classpath + loader.0] file:/Users/dpittm204/Downloads/neo4j-community-3.4.0/lib/jackson-jaxrs-1.9.13.jar
2018-05-21 16:17:26.265+0000 INFO [o.n.k.i.DiagnosticsManager]  [classpath + loader.0] file:/Users/dpittm204/Downloads/neo4j-community-3.4.0/lib/jersey-servlet-1.19.3.jar
2018-05-21 16:17:26.265+0000 INFO [o.n.k.i.DiagnosticsManager]  [classpath + loader.0] file:/Users/dpittm204/Downloads/neo4j-community-3.4.0/lib/neo4j-index-3.4.0.jar
2018-05-21 16:17:26.265+0000 INFO [o.n.k.i.DiagnosticsManager]  [classpath + loader.0] file:/Users/dpittm204/Downloads/neo4j-community-3.4.0/conf/
2018-05-21 16:17:26.265+0000 INFO [o.n.k.i.DiagnosticsManager]  [classpath + loader.0] file:/Users/dpittm204/Downloads/neo4j-community-3.4.0/lib/concurrentlinkedhashmap-lru-1.4.2.jar
2018-05-21 16:17:26.265+0000 INFO [o.n.k.i.DiagnosticsManager]  [classpath + loader.0] file:/Users/dpittm204/Downloads/neo4j-community-3.4.0/lib/neo4j-graphdb-api-3.4.0.jar
2018-05-21 16:17:26.265+0000 INFO [o.n.k.i.DiagnosticsManager]  [classpath + loader.0] file:/Users/dpittm204/Downloads/neo4j-community-3.4.0/lib/neo4j-common-3.4.0.jar
2018-05-21 16:17:26.265+0000 INFO [o.n.k.i.DiagnosticsManager]  [classpath + loader.0] file:/Users/dpittm204/Downloads/neo4j-community-3.4.0/lib/parboiled-core-1.1.7.jar
2018-05-21 16:17:26.265+0000 INFO [o.n.k.i.DiagnosticsManager]  [classpath + loader.0] file:/Users/dpittm204/Downloads/neo4j-community-3.4.0/lib/scala-reflect-2.11.12.jar
2018-05-21 16:17:26.265+0000 INFO [o.n.k.i.DiagnosticsManager]  [classpath + loader.0] file:/Users/dpittm204/Downloads/neo4j-community-3.4.0/lib/neo4j-cypher-compiler-3.1-3.1.8.jar
2018-05-21 16:17:26.265+0000 INFO [o.n.k.i.DiagnosticsManager]  [classpath + loader.0] file:/Users/dpittm204/Downloads/neo4j-community-3.4.0/lib/jackson-core-asl-1.9.13.jar
2018-05-21 16:17:26.265+0000 INFO [o.n.k.i.DiagnosticsManager]  [loader.1] file:/System/Library/Java/Extensions/MRJToolkit.jar
2018-05-21 16:17:26.265+0000 INFO [o.n.k.i.DiagnosticsManager]  [bootstrap] /Library/Java/JavaVirtualMachines/jdk1.8.0_161.jdk/Contents/Home/jre/lib/jce.jar
2018-05-21 16:17:26.265+0000 INFO [o.n.k.i.DiagnosticsManager]  [loader.1] file:/Library/Java/JavaVirtualMachines/jdk1.8.0_161.jdk/Contents/Home/jre/lib/ext/zipfs.jar
2018-05-21 16:17:26.265+0000 INFO [o.n.k.i.DiagnosticsManager]  [classpath + loader.0] file:/Users/dpittm204/Downloads/neo4j-community-3.4.0/lib/neo4j-collections-3.4.0.jar
2018-05-21 16:17:26.265+0000 INFO [o.n.k.i.DiagnosticsManager]  [classpath + loader.0] file:/Users/dpittm204/Downloads/neo4j-community-3.4.0/lib/neo4j-kernel-3.4.0.jar
2018-05-21 16:17:26.265+0000 INFO [o.n.k.i.DiagnosticsManager]  [classpath + loader.0] file:/Users/dpittm204/Downloads/neo4j-community-3.4.0/lib/lucene-analyzers-common-5.5.5.jar
2018-05-21 16:17:26.265+0000 INFO [o.n.k.i.DiagnosticsManager]  [classpath + loader.0] file:/Users/dpittm204/Downloads/neo4j-community-3.4.0/lib/jersey-server-1.19.3.jar
2018-05-21 16:17:26.265+0000 INFO [o.n.k.i.DiagnosticsManager]  [classpath + loader.0] file:/Users/dpittm204/Downloads/neo4j-community-3.4.0/lib/jetty-util-9.4.8.v20171121.jar
2018-05-21 16:17:26.266+0000 INFO [o.n.k.i.DiagnosticsManager]  [classpath + loader.0] file:/Users/dpittm204/Downloads/neo4j-community-3.4.0/lib/openCypher-frontend-1-3.4.0.jar
2018-05-21 16:17:26.266+0000 INFO [o.n.k.i.DiagnosticsManager]  [classpath + loader.0] file:/Users/dpittm204/Downloads/neo4j-community-3.4.0/lib/neo4j-cypher-interpreted-runtime-3.4.0.jar
2018-05-21 16:17:26.266+0000 INFO [o.n.k.i.DiagnosticsManager]  [classpath + loader.0] file:/Users/dpittm204/Downloads/neo4j-community-3.4.0/lib/jProcesses-1.6.4.jar
2018-05-21 16:17:26.266+0000 INFO [o.n.k.i.DiagnosticsManager]  [classpath + loader.0] file:/Users/dpittm204/Downloads/neo4j-community-3.4.0/lib/neo4j-cypher-ir-3.3-3.3.5.jar
2018-05-21 16:17:26.266+0000 INFO [o.n.k.i.DiagnosticsManager]  [classpath + loader.0] file:/Users/dpittm204/Downloads/neo4j-community-3.4.0/lib/neo4j-security-3.4.0.jar
2018-05-21 16:17:26.266+0000 INFO [o.n.k.i.DiagnosticsManager]  [classpath + loader.0] file:/Users/dpittm204/Downloads/neo4j-community-3.4.0/lib/opencsv-2.3.jar
2018-05-21 16:17:26.266+0000 INFO [o.n.k.i.DiagnosticsManager]  [classpath + loader.0] file:/Users/dpittm204/Downloads/neo4j-community-3.4.0/lib/neo4j-primitive-collections-3.4.0.jar
2018-05-21 16:17:26.266+0000 INFO [o.n.k.i.DiagnosticsManager]  [classpath + loader.0] file:/Users/dpittm204/Downloads/neo4j-community-3.4.0/lib/neo4j-cypher-logical-plans-3.3-3.3.5.jar
2018-05-21 16:17:26.266+0000 INFO [o.n.k.i.DiagnosticsManager]  [classpath + loader.0] file:/Users/dpittm204/Downloads/neo4j-community-3.4.0/lib/neo4j-cypher-logical-plans-3.4-3.4.0.jar
2018-05-21 16:17:26.266+0000 INFO [o.n.k.i.DiagnosticsManager]  [classpath + loader.0] file:/Users/dpittm204/Downloads/neo4j-community-3.4.0/lib/neo4j-ssl-3.4.0.jar
2018-05-21 16:17:26.266+0000 INFO [o.n.k.i.DiagnosticsManager]  [classpath + loader.0] file:/Users/dpittm204/Downloads/neo4j-community-3.4.0/lib/neo4j-command-line-3.4.0.jar
2018-05-21 16:17:26.266+0000 INFO [o.n.k.i.DiagnosticsManager]  [classpath + loader.0] file:/Users/dpittm204/Downloads/neo4j-community-3.4.0/lib/jetty-webapp-9.4.8.v20171121.jar
2018-05-21 16:17:26.266+0000 INFO [o.n.k.i.DiagnosticsManager]  [classpath + loader.0] file:/Users/dpittm204/Downloads/neo4j-community-3.4.0/plugins/*
2018-05-21 16:17:26.266+0000 INFO [o.n.k.i.DiagnosticsManager]  [classpath + loader.0] file:/Users/dpittm204/Downloads/neo4j-community-3.4.0/lib/objenesis-2.6.jar
2018-05-21 16:17:26.266+0000 INFO [o.n.k.i.DiagnosticsManager]  [classpath + loader.0] file:/Users/dpittm204/Downloads/neo4j-community-3.4.0/lib/jetty-io-9.4.8.v20171121.jar
2018-05-21 16:17:26.266+0000 INFO [o.n.k.i.DiagnosticsManager]  [classpath + loader.0] file:/Users/dpittm204/Downloads/neo4j-community-3.4.0/lib/neo4j-configuration-3.4.0.jar
2018-05-21 16:17:26.266+0000 INFO [o.n.k.i.DiagnosticsManager]  [classpath + loader.0] file:/Users/dpittm204/Downloads/neo4j-community-3.4.0/lib/WMI4Java-1.6.1.jar
2018-05-21 16:17:26.266+0000 INFO [o.n.k.i.DiagnosticsManager]  [classpath + loader.0] file:/Users/dpittm204/Downloads/neo4j-community-3.4.0/lib/neo4j-cypher-util-3.4-3.4.0.jar
2018-05-21 16:17:26.266+0000 INFO [o.n.k.i.DiagnosticsManager]  [loader.1] file:/Library/Java/JavaVirtualMachines/jdk1.8.0_161.jdk/Contents/Home/jre/lib/ext/jfxrt.jar
2018-05-21 16:17:26.266+0000 INFO [o.n.k.i.DiagnosticsManager]  [bootstrap] /Library/Java/JavaVirtualMachines/jdk1.8.0_161.jdk/Contents/Home/jre/lib/resources.jar
2018-05-21 16:17:26.267+0000 INFO [o.n.k.i.DiagnosticsManager]  [classpath + loader.0] file:/Users/dpittm204/Downloads/neo4j-community-3.4.0/lib/jsr311-api-1.1.2.r612.jar
2018-05-21 16:17:26.267+0000 INFO [o.n.k.i.DiagnosticsManager]  [classpath + loader.0] file:/Users/dpittm204/Downloads/neo4j-community-3.4.0/lib/neo4j-codegen-3.4.0.jar
2018-05-21 16:17:26.267+0000 INFO [o.n.k.i.DiagnosticsManager]  [classpath + loader.0] file:/Users/dpittm204/Downloads/neo4j-community-3.4.0/lib/scala-library-2.11.12.jar
2018-05-21 16:17:26.267+0000 INFO [o.n.k.i.DiagnosticsManager]  [classpath + loader.0] file:/Users/dpittm204/Downloads/neo4j-community-3.4.0/lib/lucene-core-5.5.5.jar
2018-05-21 16:17:26.267+0000 INFO [o.n.k.i.DiagnosticsManager]  [classpath + loader.0] file:/Users/dpittm204/Downloads/neo4j-community-3.4.0/lib/lucene-queryparser-5.5.5.jar
2018-05-21 16:17:26.267+0000 INFO [o.n.k.i.DiagnosticsManager]  [classpath + loader.0] file:/Users/dpittm204/Downloads/neo4j-community-3.4.0/lib/neo4j-cypher-ir-3.4-3.4.0.jar
2018-05-21 16:17:26.267+0000 INFO [o.n.k.i.DiagnosticsManager]  [classpath + loader.0] file:/Users/dpittm204/Downloads/neo4j-community-3.4.0/lib/jackson-mapper-asl-1.9.13.jar
2018-05-21 16:17:26.267+0000 INFO [o.n.k.i.DiagnosticsManager]  [classpath + loader.0] file:/Users/dpittm204/Downloads/neo4j-community-3.4.0/lib/caffeine-2.6.2.jar
2018-05-21 16:17:26.267+0000 INFO [o.n.k.i.DiagnosticsManager]  [classpath + loader.0] file:/Users/dpittm204/Downloads/neo4j-community-3.4.0/lib/neo4j-spatial-index-3.4.0.jar
2018-05-21 16:17:26.267+0000 INFO [o.n.k.i.DiagnosticsManager]  [classpath + loader.0] file:/Users/dpittm204/Downloads/neo4j-community-3.4.0/lib/parboiled-scala_2.11-1.1.7.jar
2018-05-21 16:17:26.267+0000 INFO [o.n.k.i.DiagnosticsManager]  [classpath + loader.0] file:/Users/dpittm204/Downloads/neo4j-community-3.4.0/lib/bcpkix-jdk15on-1.59.jar
2018-05-21 16:17:26.267+0000 INFO [o.n.k.i.DiagnosticsManager]  [classpath + loader.0] file:/Users/dpittm204/Downloads/neo4j-community-3.4.0/lib/neo4j-procedure-api-3.4.0.jar
2018-05-21 16:17:26.267+0000 INFO [o.n.k.i.DiagnosticsManager] Library path:
2018-05-21 16:17:26.267+0000 INFO [o.n.k.i.DiagnosticsManager] /Users/dpittm204/Library/Java/Extensions
2018-05-21 16:17:26.268+0000 INFO [o.n.k.i.DiagnosticsManager] /Library/Java/Extensions
2018-05-21 16:17:26.268+0000 INFO [o.n.k.i.DiagnosticsManager] /Network/Library/Java/Extensions
2018-05-21 16:17:26.268+0000 INFO [o.n.k.i.DiagnosticsManager] /System/Library/Java/Extensions
2018-05-21 16:17:26.268+0000 INFO [o.n.k.i.DiagnosticsManager] /usr/lib/java
2018-05-21 16:17:26.268+0000 INFO [o.n.k.i.DiagnosticsManager] /Users/dpittm204/Downloads/neo4j-community-3.4.0/bin
2018-05-21 16:17:26.268+0000 INFO [o.n.k.i.DiagnosticsManager] System.properties:
2018-05-21 16:17:26.269+0000 INFO [o.n.k.i.DiagnosticsManager] sun.boot.library.path = /Library/Java/JavaVirtualMachines/jdk1.8.0_161.jdk/Contents/Home/jre/lib
2018-05-21 16:17:26.269+0000 INFO [o.n.k.i.DiagnosticsManager] gopherProxySet = false
2018-05-21 16:17:26.269+0000 INFO [o.n.k.i.DiagnosticsManager] path.separator = :
2018-05-21 16:17:26.269+0000 INFO [o.n.k.i.DiagnosticsManager] file.encoding.pkg = sun.io
2018-05-21 16:17:26.269+0000 INFO [o.n.k.i.DiagnosticsManager] user.country = US
2018-05-21 16:17:26.269+0000 INFO [o.n.k.i.DiagnosticsManager] sun.java.launcher = SUN_STANDARD
2018-05-21 16:17:26.269+0000 INFO [o.n.k.i.DiagnosticsManager] sun.os.patch.level = unknown
2018-05-21 16:17:26.269+0000 INFO [o.n.k.i.DiagnosticsManager] user.dir = /Users/dpittm204/Downloads/neo4j-community-3.4.0/bin
2018-05-21 16:17:26.269+0000 INFO [o.n.k.i.DiagnosticsManager] sun.jnu.encoding = UTF-8
2018-05-21 16:17:26.269+0000 INFO [o.n.k.i.DiagnosticsManager] sun.management.compiler = HotSpot 64-Bit Tiered Compilers
2018-05-21 16:17:26.269+0000 INFO [o.n.k.i.DiagnosticsManager] http.nonProxyHosts = local|*.local|169.254/16|*.169.254/16
2018-05-21 16:17:26.269+0000 INFO [o.n.k.i.DiagnosticsManager] user.home = /Users/dpittm204
2018-05-21 16:17:26.269+0000 INFO [o.n.k.i.DiagnosticsManager] user.timezone = America/Denver
2018-05-21 16:17:26.269+0000 INFO [o.n.k.i.DiagnosticsManager] file.encoding = UTF-8
2018-05-21 16:17:26.269+0000 INFO [o.n.k.i.DiagnosticsManager] user.name = dpittm204
2018-05-21 16:17:26.270+0000 INFO [o.n.k.i.DiagnosticsManager] sun.java.command = org.neo4j.shell.StartClient -path ../data/databases/movies.db -config ../conf/neo4j.conf
2018-05-21 16:17:26.270+0000 INFO [o.n.k.i.DiagnosticsManager] sun.arch.data.model = 64
2018-05-21 16:17:26.270+0000 INFO [o.n.k.i.DiagnosticsManager] user.language = en
2018-05-21 16:17:26.270+0000 INFO [o.n.k.i.DiagnosticsManager] awt.toolkit = sun.lwawt.macosx.LWCToolkit
2018-05-21 16:17:26.270+0000 INFO [o.n.k.i.DiagnosticsManager] file.separator = /
2018-05-21 16:17:26.270+0000 INFO [o.n.k.i.DiagnosticsManager] sun.io.unicode.encoding = UnicodeBig
2018-05-21 16:17:26.270+0000 INFO [o.n.k.i.DiagnosticsManager] sun.cpu.endian = little
2018-05-21 16:17:26.270+0000 INFO [o.n.k.i.DiagnosticsManager] socksNonProxyHosts = local|*.local|169.254/16|*.169.254/16
2018-05-21 16:17:26.270+0000 INFO [o.n.k.i.DiagnosticsManager] ftp.nonProxyHosts = local|*.local|169.254/16|*.169.254/16
2018-05-21 16:17:26.270+0000 INFO [o.n.k.i.DiagnosticsManager] sun.cpu.isalist = 
2018-05-21 16:17:26.270+0000 INFO [o.n.k.i.DiagnosticsManager] (IANA) TimeZone Database Version:
2018-05-21 16:17:26.302+0000 INFO [o.n.k.i.DiagnosticsManager]   TimeZone version: 2017c (available for 599 zone identifiers)
2018-05-21 16:17:26.302+0000 INFO [o.n.k.i.DiagnosticsManager] Network information:
2018-05-21 16:17:26.309+0000 INFO [o.n.k.i.DiagnosticsManager] Interface utun0:
2018-05-21 16:17:26.310+0000 INFO [o.n.k.i.DiagnosticsManager]     address: fe80:0:0:0:aa19:ed00:f4b:7e4a%utun0
2018-05-21 16:17:26.310+0000 INFO [o.n.k.i.DiagnosticsManager] Interface awdl0:
2018-05-21 16:17:26.310+0000 INFO [o.n.k.i.DiagnosticsManager]     address: fe80:0:0:0:40f9:daff:fe51:8d78%awdl0
2018-05-21 16:17:26.310+0000 INFO [o.n.k.i.DiagnosticsManager] Interface en6:
2018-05-21 16:17:26.310+0000 INFO [o.n.k.i.DiagnosticsManager]     address: 2001:558:1418:4c:2900:eae7:a45c:1a84%en6
2018-05-21 16:17:26.310+0000 INFO [o.n.k.i.DiagnosticsManager]     address: 2001:558:1418:4c:8a4:f631:49d7:d562%en6
2018-05-21 16:17:26.310+0000 INFO [o.n.k.i.DiagnosticsManager]     address: fe80:0:0:0:1494:464e:759f:4baa%en6
2018-05-21 16:17:26.310+0000 INFO [o.n.k.i.DiagnosticsManager]     address: 10.168.64.174
2018-05-21 16:17:26.310+0000 INFO [o.n.k.i.DiagnosticsManager] Interface vnic1:
2018-05-21 16:17:26.310+0000 INFO [o.n.k.i.DiagnosticsManager]     address: 10.37.129.2
2018-05-21 16:17:26.310+0000 INFO [o.n.k.i.DiagnosticsManager] Interface vnic0:
2018-05-21 16:17:26.310+0000 INFO [o.n.k.i.DiagnosticsManager]     address: 10.211.55.2
2018-05-21 16:17:26.310+0000 INFO [o.n.k.i.DiagnosticsManager] Interface en0:
2018-05-21 16:17:26.311+0000 INFO [o.n.k.i.DiagnosticsManager]     address: 2001:558:1418:48:7896:fdcb:95fe:3492%en0
2018-05-21 16:17:26.311+0000 INFO [o.n.k.i.DiagnosticsManager]     address: 2001:558:1418:48:9f:4f03:3097:6993%en0
2018-05-21 16:17:26.311+0000 INFO [o.n.k.i.DiagnosticsManager]     address: fe80:0:0:0:42d:a25e:a53b:106d%en0
2018-05-21 16:17:26.311+0000 INFO [o.n.k.i.DiagnosticsManager]     address: 10.169.236.157
2018-05-21 16:17:26.311+0000 INFO [o.n.k.i.DiagnosticsManager] Interface lo0:
2018-05-21 16:17:26.311+0000 INFO [o.n.k.i.DiagnosticsManager]     address: fe80:0:0:0:0:0:0:1%lo0
2018-05-21 16:17:26.311+0000 INFO [o.n.k.i.DiagnosticsManager]     address: 0:0:0:0:0:0:0:1%lo0
2018-05-21 16:17:26.311+0000 INFO [o.n.k.i.DiagnosticsManager]     address: 127.0.0.1
2018-05-21 16:17:26.311+0000 INFO [o.n.k.i.DiagnosticsManager] --- INITIALIZED diagnostics END ---
2018-05-21 16:17:26.636+0000 INFO [o.n.k.i.s.f.RecordFormatSelector] Selected RecordFormat:StandardV3_2[v0.A.8] record format from store /Users/dpittm204/Downloads/neo4j-community-3.4.0/bin/../data/databases/movies.db
2018-05-21 16:17:26.637+0000 INFO [o.n.k.i.s.f.RecordFormatSelector] Selected format 'RecordFormat:StandardV3_4[v0.A.9]' for existing store with format 'RecordFormat:StandardV3_2[v0.A.8]'
2018-05-21 16:17:26.659+0000 INFO [o.n.k.i.s.p.StoreMigrator] Starting upgrade of database
2018-05-21 16:17:26.676+0000 INFO [o.n.k.i.s.p.StoreMigrator] Migrating Explicit indexes (1/4):
2018-05-21 16:17:26.677+0000 INFO [o.n.k.i.s.p.StoreMigrator]   10% completed
2018-05-21 16:17:26.677+0000 INFO [o.n.k.i.s.p.StoreMigrator]   20% completed
2018-05-21 16:17:26.677+0000 INFO [o.n.k.i.s.p.StoreMigrator]   30% completed
2018-05-21 16:17:26.677+0000 INFO [o.n.k.i.s.p.StoreMigrator]   40% completed
2018-05-21 16:17:26.677+0000 INFO [o.n.k.i.s.p.StoreMigrator]   50% completed
2018-05-21 16:17:26.678+0000 INFO [o.n.k.i.s.p.StoreMigrator]   60% completed
2018-05-21 16:17:26.678+0000 INFO [o.n.k.i.s.p.StoreMigrator]   70% completed
2018-05-21 16:17:26.678+0000 INFO [o.n.k.i.s.p.StoreMigrator]   80% completed
2018-05-21 16:17:26.678+0000 INFO [o.n.k.i.s.p.StoreMigrator]   90% completed
2018-05-21 16:17:26.678+0000 INFO [o.n.k.i.s.p.StoreMigrator]   100% completed
2018-05-21 16:17:26.678+0000 INFO [o.n.k.i.s.p.StoreMigrator] Migrating Store files (2/4):
2018-05-21 16:17:26.696+0000 INFO [o.n.k.i.s.p.StoreMigrator]   10% completed
2018-05-21 16:17:26.696+0000 INFO [o.n.k.i.s.p.StoreMigrator]   20% completed
2018-05-21 16:17:26.696+0000 INFO [o.n.k.i.s.p.StoreMigrator]   30% completed
2018-05-21 16:17:26.696+0000 INFO [o.n.k.i.s.p.StoreMigrator]   40% completed
2018-05-21 16:17:26.696+0000 INFO [o.n.k.i.s.p.StoreMigrator]   50% completed
2018-05-21 16:17:26.697+0000 INFO [o.n.k.i.s.p.StoreMigrator]   60% completed
2018-05-21 16:17:26.697+0000 INFO [o.n.k.i.s.p.StoreMigrator]   70% completed
2018-05-21 16:17:26.697+0000 INFO [o.n.k.i.s.p.StoreMigrator]   80% completed
2018-05-21 16:17:26.697+0000 INFO [o.n.k.i.s.p.StoreMigrator]   90% completed
2018-05-21 16:17:26.697+0000 INFO [o.n.k.i.s.p.StoreMigrator]   100% completed
2018-05-21 16:17:26.697+0000 INFO [o.n.k.i.s.p.StoreMigrator] Migrating Native label scan index (3/4):
2018-05-21 16:17:26.699+0000 INFO [o.n.k.i.s.p.StoreMigrator]   10% completed
2018-05-21 16:17:26.699+0000 INFO [o.n.k.i.s.p.StoreMigrator]   20% completed
2018-05-21 16:17:26.699+0000 INFO [o.n.k.i.s.p.StoreMigrator]   30% completed
2018-05-21 16:17:26.699+0000 INFO [o.n.k.i.s.p.StoreMigrator]   40% completed
2018-05-21 16:17:26.699+0000 INFO [o.n.k.i.s.p.StoreMigrator]   50% completed
2018-05-21 16:17:26.699+0000 INFO [o.n.k.i.s.p.StoreMigrator]   60% completed
2018-05-21 16:17:26.699+0000 INFO [o.n.k.i.s.p.StoreMigrator]   70% completed
2018-05-21 16:17:26.700+0000 INFO [o.n.k.i.s.p.StoreMigrator]   80% completed
2018-05-21 16:17:26.700+0000 INFO [o.n.k.i.s.p.StoreMigrator]   90% completed
2018-05-21 16:17:26.700+0000 INFO [o.n.k.i.s.p.StoreMigrator]   100% completed
2018-05-21 16:17:26.700+0000 INFO [o.n.k.i.s.p.StoreMigrator] Migrating Counts store (4/4):
2018-05-21 16:17:26.700+0000 INFO [o.n.k.i.s.p.StoreMigrator]   10% completed
2018-05-21 16:17:26.700+0000 INFO [o.n.k.i.s.p.StoreMigrator]   20% completed
2018-05-21 16:17:26.700+0000 INFO [o.n.k.i.s.p.StoreMigrator]   30% completed
2018-05-21 16:17:26.700+0000 INFO [o.n.k.i.s.p.StoreMigrator]   40% completed
2018-05-21 16:17:26.700+0000 INFO [o.n.k.i.s.p.StoreMigrator]   50% completed
2018-05-21 16:17:26.700+0000 INFO [o.n.k.i.s.p.StoreMigrator]   60% completed
2018-05-21 16:17:26.701+0000 INFO [o.n.k.i.s.p.StoreMigrator]   70% completed
2018-05-21 16:17:26.701+0000 INFO [o.n.k.i.s.p.StoreMigrator]   80% completed
2018-05-21 16:17:26.701+0000 INFO [o.n.k.i.s.p.StoreMigrator]   90% completed
2018-05-21 16:17:26.701+0000 INFO [o.n.k.i.s.p.StoreMigrator]   100% completed
2018-05-21 16:17:26.721+0000 INFO [o.n.k.i.s.p.StoreMigrator] Successfully finished upgrade of database
2018-05-21 16:17:26.727+0000 INFO [o.n.k.i.s.f.RecordFormatSelector] Selected RecordFormat:StandardV3_4[v0.A.9] record format from store /Users/dpittm204/Downloads/neo4j-community-3.4.0/bin/../data/databases/movies.db
2018-05-21 16:17:26.727+0000 INFO [o.n.k.i.s.f.RecordFormatSelector] Format not configured. Selected format from the store: RecordFormat:StandardV3_4[v0.A.9]
2018-05-21 16:17:27.303+0000 INFO [o.n.k.i.a.i.IndexingService] IndexingService.init: indexes not specifically mentioned above are ONLINE
2018-05-21 16:17:27.326+0000 INFO [o.n.k.NeoStoreDataSource] No commits found after last check point (which is at LogPosition{logVersion=0, byteOffset=16})
2018-05-21 16:17:27.344+0000 INFO [o.n.k.i.a.i.IndexingService] IndexingService.start: indexes not specifically mentioned above are ONLINE
2018-05-21 16:17:27.365+0000 INFO [o.n.k.i.DatabaseHealth] Database health set to OK
2018-05-21 16:17:27.618+0000 INFO [o.n.k.AvailabilityGuard] Fulfilling of requirement makes database available: Database available
2018-05-21 16:17:27.619+0000 INFO [o.n.k.i.f.GraphDatabaseFacadeFactory] Database is now ready
2018-05-21 16:17:27.619+0000 INFO [o.n.k.i.DiagnosticsManager] --- STARTED diagnostics for KernelDiagnostics:Versions START ---
2018-05-21 16:17:27.620+0000 INFO [o.n.k.i.DiagnosticsManager] Graph Database: community single StoreId{creationTime=1302041417160, randomId=279295251295883695, storeVersion=16094931155187206, upgradeTime=1526919446689, upgradeId=199}
2018-05-21 16:17:27.620+0000 INFO [o.n.k.i.DiagnosticsManager] Kernel version: 3.4.0,efaa8492f0a3439d20461055219c070d83f001f3
2018-05-21 16:17:27.620+0000 INFO [o.n.k.i.DiagnosticsManager] --- STARTED diagnostics for KernelDiagnostics:Versions END ---
2018-05-21 16:17:27.621+0000 INFO [o.n.k.i.DiagnosticsManager] --- STARTED diagnostics for NEO_STORE_VERSIONS START ---
2018-05-21 16:17:27.621+0000 INFO [o.n.k.i.DiagnosticsManager] Store versions:
2018-05-21 16:17:27.621+0000 INFO [o.n.k.i.DiagnosticsManager] Store versions:
2018-05-21 16:17:27.622+0000 INFO [o.n.k.i.DiagnosticsManager]   ArrayPropertyStore v0.A.9
2018-05-21 16:17:27.622+0000 INFO [o.n.k.i.DiagnosticsManager]   NodeStore v0.A.9
2018-05-21 16:17:27.622+0000 INFO [o.n.k.i.DiagnosticsManager]   StringPropertyStore v0.A.9
2018-05-21 16:17:27.622+0000 INFO [o.n.k.i.DiagnosticsManager]   PropertyIndexStore v0.A.9
2018-05-21 16:17:27.622+0000 INFO [o.n.k.i.DiagnosticsManager]   StringPropertyStore v0.A.9
2018-05-21 16:17:27.622+0000 INFO [o.n.k.i.DiagnosticsManager]   ArrayPropertyStore v0.A.9
2018-05-21 16:17:27.622+0000 INFO [o.n.k.i.DiagnosticsManager]   PropertyStore v0.A.9
2018-05-21 16:17:27.622+0000 INFO [o.n.k.i.DiagnosticsManager]   RelationshipStore v0.A.9
2018-05-21 16:17:27.622+0000 INFO [o.n.k.i.DiagnosticsManager]   StringPropertyStore v0.A.9
2018-05-21 16:17:27.622+0000 INFO [o.n.k.i.DiagnosticsManager]   RelationshipTypeStore v0.A.9
2018-05-21 16:17:27.622+0000 INFO [o.n.k.i.DiagnosticsManager]   StringPropertyStore v0.A.9
2018-05-21 16:17:27.622+0000 INFO [o.n.k.i.DiagnosticsManager]   LabelTokenStore v0.A.9
2018-05-21 16:17:27.622+0000 INFO [o.n.k.i.DiagnosticsManager]   SchemaStore v0.A.9
2018-05-21 16:17:27.622+0000 INFO [o.n.k.i.DiagnosticsManager]   RelationshipGroupStore v0.A.9
2018-05-21 16:17:27.622+0000 INFO [o.n.k.i.DiagnosticsManager]   NeoStore v0.A.9
2018-05-21 16:17:27.623+0000 INFO [o.n.k.i.DiagnosticsManager] --- STARTED diagnostics for NEO_STORE_VERSIONS END ---
2018-05-21 16:17:27.623+0000 INFO [o.n.k.i.DiagnosticsManager] --- STARTED diagnostics for NEO_STORE_ID_USAGE START ---
2018-05-21 16:17:27.623+0000 INFO [o.n.k.i.DiagnosticsManager] Id usage:
2018-05-21 16:17:27.623+0000 INFO [o.n.k.i.DiagnosticsManager] Id usage:
2018-05-21 16:17:27.623+0000 INFO [o.n.k.i.DiagnosticsManager]   ArrayPropertyStore: used=1 high=0
2018-05-21 16:17:27.623+0000 INFO [o.n.k.i.DiagnosticsManager]   NodeStore: used=219901 high=219900
2018-05-21 16:17:27.624+0000 INFO [o.n.k.i.DiagnosticsManager]   StringPropertyStore: used=28 high=27
2018-05-21 16:17:27.624+0000 INFO [o.n.k.i.DiagnosticsManager]   PropertyIndexStore: used=27 high=26
2018-05-21 16:17:27.624+0000 INFO [o.n.k.i.DiagnosticsManager]   StringPropertyStore: used=104034 high=104033
2018-05-21 16:17:27.624+0000 INFO [o.n.k.i.DiagnosticsManager]   ArrayPropertyStore: used=1 high=0
2018-05-21 16:17:27.624+0000 INFO [o.n.k.i.DiagnosticsManager]   PropertyStore: used=332090 high=426799
2018-05-21 16:17:27.624+0000 INFO [o.n.k.i.DiagnosticsManager]   RelationshipStore: used=411613 high=411612
2018-05-21 16:17:27.624+0000 INFO [o.n.k.i.DiagnosticsManager]   StringPropertyStore: used=6 high=5
2018-05-21 16:17:27.624+0000 INFO [o.n.k.i.DiagnosticsManager]   RelationshipTypeStore: used=5 high=4
2018-05-21 16:17:27.624+0000 INFO [o.n.k.i.DiagnosticsManager]   StringPropertyStore: used=6 high=5
2018-05-21 16:17:27.624+0000 INFO [o.n.k.i.DiagnosticsManager]   LabelTokenStore: used=5 high=4
2018-05-21 16:17:27.624+0000 INFO [o.n.k.i.DiagnosticsManager]   SchemaStore: used=10 high=9
2018-05-21 16:17:27.624+0000 INFO [o.n.k.i.DiagnosticsManager]   RelationshipGroupStore: used=63 high=62
2018-05-21 16:17:27.624+0000 INFO [o.n.k.i.DiagnosticsManager]   NeoStore: used=15 high=14
2018-05-21 16:17:27.625+0000 INFO [o.n.k.i.DiagnosticsManager] --- STARTED diagnostics for NEO_STORE_ID_USAGE END ---
2018-05-21 16:17:27.625+0000 INFO [o.n.k.i.DiagnosticsManager] --- STARTED diagnostics for NEO_STORE_RECORDS START ---
2018-05-21 16:17:27.625+0000 INFO [o.n.k.i.DiagnosticsManager] Neostore records:
2018-05-21 16:17:27.625+0000 INFO [o.n.k.i.DiagnosticsManager] TIME (Creation time): 1302041417160
2018-05-21 16:17:27.625+0000 INFO [o.n.k.i.DiagnosticsManager] RANDOM_NUMBER (Random number for store id): 279295251295883695
2018-05-21 16:17:27.625+0000 INFO [o.n.k.i.DiagnosticsManager] LOG_VERSION (Current log version): 29
2018-05-21 16:17:27.625+0000 INFO [o.n.k.i.DiagnosticsManager] LAST_TRANSACTION_ID (Last committed transaction): 199
2018-05-21 16:17:27.625+0000 INFO [o.n.k.i.DiagnosticsManager] STORE_VERSION (Store format version): 16094931155187206
2018-05-21 16:17:27.625+0000 INFO [o.n.k.i.DiagnosticsManager] FIRST_GRAPH_PROPERTY (First property record containing graph properties): -1
2018-05-21 16:17:27.625+0000 INFO [o.n.k.i.DiagnosticsManager] LAST_CONSTRAINT_TRANSACTION (Last committed transaction containing constraint changes): 197
2018-05-21 16:17:27.625+0000 INFO [o.n.k.i.DiagnosticsManager] UPGRADE_TRANSACTION_ID (Transaction id most recent upgrade was performed at): 199
2018-05-21 16:17:27.626+0000 INFO [o.n.k.i.DiagnosticsManager] UPGRADE_TIME (Time of last upgrade): 1526919446689
2018-05-21 16:17:27.626+0000 INFO [o.n.k.i.DiagnosticsManager] LAST_TRANSACTION_CHECKSUM (Checksum of last committed transaction): 1
2018-05-21 16:17:27.626+0000 INFO [o.n.k.i.DiagnosticsManager] UPGRADE_TRANSACTION_CHECKSUM (Checksum of transaction id the most recent upgrade was performed at): 1
2018-05-21 16:17:27.626+0000 INFO [o.n.k.i.DiagnosticsManager] LAST_CLOSED_TRANSACTION_LOG_VERSION (Log version where the last transaction commit entry has been written into): 0
2018-05-21 16:17:27.626+0000 INFO [o.n.k.i.DiagnosticsManager] LAST_CLOSED_TRANSACTION_LOG_BYTE_OFFSET (Byte offset in the log file where the last transaction commit entry has been written into): 16
2018-05-21 16:17:27.626+0000 INFO [o.n.k.i.DiagnosticsManager] LAST_TRANSACTION_COMMIT_TIMESTAMP (Commit time timestamp for last committed transaction): 1
2018-05-21 16:17:27.626+0000 INFO [o.n.k.i.DiagnosticsManager] UPGRADE_TRANSACTION_COMMIT_TIMESTAMP (Commit timestamp of transaction the most recent upgrade was performed at): 1
2018-05-21 16:17:27.626+0000 INFO [o.n.k.i.DiagnosticsManager] --- STARTED diagnostics for NEO_STORE_RECORDS END ---
2018-05-21 16:17:27.627+0000 INFO [o.n.k.i.DiagnosticsManager] --- STARTED diagnostics for TRANSACTION_RANGE START ---
2018-05-21 16:17:27.627+0000 INFO [o.n.k.i.DiagnosticsManager] Transaction log:
2018-05-21 16:17:27.627+0000 INFO [o.n.k.i.DiagnosticsManager] Oldest transaction 200 found in log with version 0
2018-05-21 16:17:27.627+0000 INFO [o.n.k.i.DiagnosticsManager] --- STARTED diagnostics for TRANSACTION_RANGE END ---
2018-05-21 16:17:27.634+0000 INFO [o.n.k.i.DiagnosticsManager] --- STARTED diagnostics for KernelDiagnostics:StoreFiles START ---
2018-05-21 16:17:27.634+0000 INFO [o.n.k.i.DiagnosticsManager] Disk space on partition (Total / Free / Free %): 500068036608 / 102993129472 / 20
2018-05-21 16:17:27.634+0000 INFO [o.n.k.i.DiagnosticsManager] Storage files: (filename : modification date - size)
2018-05-21 16:17:27.635+0000 INFO [o.n.k.i.DiagnosticsManager]   index:
2018-05-21 16:17:27.635+0000 INFO [o.n.k.i.DiagnosticsManager]     lucene:
2018-05-21 16:17:27.635+0000 INFO [o.n.k.i.DiagnosticsManager]       node:
2018-05-21 16:17:27.636+0000 INFO [o.n.k.i.DiagnosticsManager]         Movie:
2018-05-21 16:17:27.637+0000 INFO [o.n.k.i.DiagnosticsManager]           _n.fdt: 2018-05-21T10:04:41-0600 - 342.50 kB
2018-05-21 16:17:27.638+0000 INFO [o.n.k.i.DiagnosticsManager]           _n.fdx: 2018-05-21T10:04:41-0600 - 250.00 B
2018-05-21 16:17:27.638+0000 INFO [o.n.k.i.DiagnosticsManager]           _n.fnm: 2018-05-21T10:04:41-0600 - 327.00 B
2018-05-21 16:17:27.638+0000 INFO [o.n.k.i.DiagnosticsManager]           _n.nvd: 2018-05-21T10:04:41-0600 - 59.00 B
2018-05-21 16:17:27.638+0000 INFO [o.n.k.i.DiagnosticsManager]           _n.nvm: 2018-05-21T10:04:41-0600 - 98.00 B
2018-05-21 16:17:27.638+0000 INFO [o.n.k.i.DiagnosticsManager]           _n.si: 2018-05-21T10:04:41-0600 - 493.00 B
2018-05-21 16:17:27.638+0000 INFO [o.n.k.i.DiagnosticsManager]           _n_Lucene50_0.doc: 2018-05-21T10:04:41-0600 - 1.53 kB
2018-05-21 16:17:27.639+0000 INFO [o.n.k.i.DiagnosticsManager]           _n_Lucene50_0.pos: 2018-05-21T10:04:41-0600 - 37.76 kB
2018-05-21 16:17:27.639+0000 INFO [o.n.k.i.DiagnosticsManager]           _n_Lucene50_0.tim: 2018-05-21T10:04:41-0600 - 502.88 kB
2018-05-21 16:17:27.639+0000 INFO [o.n.k.i.DiagnosticsManager]           _n_Lucene50_0.tip: 2018-05-21T10:04:41-0600 - 8.05 kB
2018-05-21 16:17:27.639+0000 INFO [o.n.k.i.DiagnosticsManager]           segments_8: 2018-05-21T10:04:41-0600 - 136.00 B
2018-05-21 16:17:27.639+0000 INFO [o.n.k.i.DiagnosticsManager]         - Total: 2018-05-21T10:04:41-0600 - 894.05 kB
2018-05-21 16:17:27.639+0000 INFO [o.n.k.i.DiagnosticsManager]         Person:
2018-05-21 16:17:27.640+0000 INFO [o.n.k.i.DiagnosticsManager]           _o.fdt: 2018-05-21T10:04:41-0600 - 1.18 MB
2018-05-21 16:17:27.640+0000 INFO [o.n.k.i.DiagnosticsManager]           _o.fdx: 2018-05-21T10:04:41-0600 - 824.00 B
2018-05-21 16:17:27.640+0000 INFO [o.n.k.i.DiagnosticsManager]           _o.fnm: 2018-05-21T10:04:41-0600 - 326.00 B
2018-05-21 16:17:27.640+0000 INFO [o.n.k.i.DiagnosticsManager]           _o.nvd: 2018-05-21T10:04:41-0600 - 59.00 B
2018-05-21 16:17:27.641+0000 INFO [o.n.k.i.DiagnosticsManager]           _o.nvm: 2018-05-21T10:04:41-0600 - 98.00 B
2018-05-21 16:17:27.641+0000 INFO [o.n.k.i.DiagnosticsManager]           _o.si: 2018-05-21T10:04:41-0600 - 493.00 B
2018-05-21 16:17:27.641+0000 INFO [o.n.k.i.DiagnosticsManager]           _o_Lucene50_0.doc: 2018-05-21T10:04:41-0600 - 1.82 kB
2018-05-21 16:17:27.641+0000 INFO [o.n.k.i.DiagnosticsManager]           _o_Lucene50_0.pos: 2018-05-21T10:04:41-0600 - 147.05 kB
2018-05-21 16:17:27.641+0000 INFO [o.n.k.i.DiagnosticsManager]           _o_Lucene50_0.tim: 2018-05-21T10:04:41-0600 - 1.75 MB
2018-05-21 16:17:27.641+0000 INFO [o.n.k.i.DiagnosticsManager]           _o_Lucene50_0.tip: 2018-05-21T10:04:41-0600 - 32.01 kB
2018-05-21 16:17:27.642+0000 INFO [o.n.k.i.DiagnosticsManager]           segments_8: 2018-05-21T10:04:41-0600 - 136.00 B
2018-05-21 16:17:27.642+0000 INFO [o.n.k.i.DiagnosticsManager]         - Total: 2018-05-21T10:04:41-0600 - 3.11 MB
2018-05-21 16:17:27.642+0000 INFO [o.n.k.i.DiagnosticsManager]         User:
2018-05-21 16:17:27.642+0000 INFO [o.n.k.i.DiagnosticsManager]           _1h.fdt: 2018-05-21T10:04:41-0600 - 788.00 B
2018-05-21 16:17:27.642+0000 INFO [o.n.k.i.DiagnosticsManager]           _1h.fdx: 2018-05-21T10:04:41-0600 - 84.00 B
2018-05-21 16:17:27.642+0000 INFO [o.n.k.i.DiagnosticsManager]           _1h.fnm: 2018-05-21T10:04:41-0600 - 240.00 B
2018-05-21 16:17:27.643+0000 INFO [o.n.k.i.DiagnosticsManager]           _1h.nvd: 2018-05-21T10:04:41-0600 - 59.00 B
2018-05-21 16:17:27.643+0000 INFO [o.n.k.i.DiagnosticsManager]           _1h.nvm: 2018-05-21T10:04:41-0600 - 88.00 B
2018-05-21 16:17:27.643+0000 INFO [o.n.k.i.DiagnosticsManager]           _1h.si: 2018-05-21T10:04:41-0600 - 503.00 B
2018-05-21 16:17:27.643+0000 INFO [o.n.k.i.DiagnosticsManager]           _1h_Lucene50_0.doc: 2018-05-21T10:04:41-0600 - 114.00 B
2018-05-21 16:17:27.643+0000 INFO [o.n.k.i.DiagnosticsManager]           _1h_Lucene50_0.pos: 2018-05-21T10:04:41-0600 - 173.00 B
2018-05-21 16:17:27.643+0000 INFO [o.n.k.i.DiagnosticsManager]           _1h_Lucene50_0.tim: 2018-05-21T10:04:41-0600 - 1.29 kB
2018-05-21 16:17:27.644+0000 INFO [o.n.k.i.DiagnosticsManager]           _1h_Lucene50_0.tip: 2018-05-21T10:04:41-0600 - 130.00 B
2018-05-21 16:17:27.644+0000 INFO [o.n.k.i.DiagnosticsManager]           segments_a: 2018-05-21T10:04:41-0600 - 137.00 B
2018-05-21 16:17:27.644+0000 INFO [o.n.k.i.DiagnosticsManager]         - Total: 2018-05-21T10:04:41-0600 - 3.55 kB
2018-05-21 16:17:27.644+0000 INFO [o.n.k.i.DiagnosticsManager]         __types__:
2018-05-21 16:17:27.644+0000 INFO [o.n.k.i.DiagnosticsManager]           _20.fdt: 2018-05-21T10:04:41-0600 - 406.01 kB
2018-05-21 16:17:27.644+0000 INFO [o.n.k.i.DiagnosticsManager]           _20.fdx: 2018-05-21T10:04:41-0600 - 826.00 B
2018-05-21 16:17:27.644+0000 INFO [o.n.k.i.DiagnosticsManager]           _20.fnm: 2018-05-21T10:04:41-0600 - 244.00 B
2018-05-21 16:17:27.645+0000 INFO [o.n.k.i.DiagnosticsManager]           _20.nvd: 2018-05-21T10:04:41-0600 - 59.00 B
2018-05-21 16:17:27.645+0000 INFO [o.n.k.i.DiagnosticsManager]           _20.nvm: 2018-05-21T10:04:41-0600 - 88.00 B
2018-05-21 16:17:27.645+0000 INFO [o.n.k.i.DiagnosticsManager]           _20.si: 2018-05-21T10:04:41-0600 - 503.00 B
2018-05-21 16:17:27.645+0000 INFO [o.n.k.i.DiagnosticsManager]           _20_Lucene50_0.doc: 2018-05-21T10:04:41-0600 - 27.78 kB
2018-05-21 16:17:27.645+0000 INFO [o.n.k.i.DiagnosticsManager]           _20_Lucene50_0.pos: 2018-05-21T10:04:41-0600 - 62.80 kB
2018-05-21 16:17:27.645+0000 INFO [o.n.k.i.DiagnosticsManager]           _20_Lucene50_0.tim: 2018-05-21T10:04:41-0600 - 610.11 kB
2018-05-21 16:17:27.646+0000 INFO [o.n.k.i.DiagnosticsManager]           _20_Lucene50_0.tip: 2018-05-21T10:04:41-0600 - 8.19 kB
2018-05-21 16:17:27.646+0000 INFO [o.n.k.i.DiagnosticsManager]           segments_b: 2018-05-21T10:04:41-0600 - 137.00 B
2018-05-21 16:17:27.646+0000 INFO [o.n.k.i.DiagnosticsManager]         - Total: 2018-05-21T10:04:41-0600 - 1.09 MB
2018-05-21 16:17:27.646+0000 INFO [o.n.k.i.DiagnosticsManager]         search:
2018-05-21 16:17:27.647+0000 INFO [o.n.k.i.DiagnosticsManager]           _10.fdt: 2018-05-21T10:04:41-0600 - 364.71 kB
2018-05-21 16:17:27.647+0000 INFO [o.n.k.i.DiagnosticsManager]           _10.fdx: 2018-05-21T10:04:41-0600 - 396.00 B
2018-05-21 16:17:27.647+0000 INFO [o.n.k.i.DiagnosticsManager]           _10.fnm: 2018-05-21T10:04:41-0600 - 332.00 B
2018-05-21 16:17:27.647+0000 INFO [o.n.k.i.DiagnosticsManager]           _10.nvd: 2018-05-21T10:04:41-0600 - 25.18 kB
2018-05-21 16:17:27.647+0000 INFO [o.n.k.i.DiagnosticsManager]           _10.nvm: 2018-05-21T10:04:41-0600 - 98.00 B
2018-05-21 16:17:27.648+0000 INFO [o.n.k.i.DiagnosticsManager]           _10.si: 2018-05-21T10:04:41-0600 - 503.00 B
2018-05-21 16:17:27.648+0000 INFO [o.n.k.i.DiagnosticsManager]           _10_Lucene50_0.doc: 2018-05-21T10:04:41-0600 - 58.92 kB
2018-05-21 16:17:27.648+0000 INFO [o.n.k.i.DiagnosticsManager]           _10_Lucene50_0.pos: 2018-05-21T10:04:41-0600 - 87.23 kB
2018-05-21 16:17:27.648+0000 INFO [o.n.k.i.DiagnosticsManager]           _10_Lucene50_0.tim: 2018-05-21T10:04:41-0600 - 531.15 kB
2018-05-21 16:17:27.648+0000 INFO [o.n.k.i.DiagnosticsManager]           _10_Lucene50_0.tip: 2018-05-21T10:04:41-0600 - 8.93 kB
2018-05-21 16:17:27.648+0000 INFO [o.n.k.i.DiagnosticsManager]           segments_b: 2018-05-21T10:04:41-0600 - 137.00 B
2018-05-21 16:17:27.649+0000 INFO [o.n.k.i.DiagnosticsManager]         - Total: 2018-05-21T10:04:41-0600 - 1.05 MB
2018-05-21 16:17:27.649+0000 INFO [o.n.k.i.DiagnosticsManager]       - Total: 2018-05-21T10:04:41-0600 - 6.13 MB
2018-05-21 16:17:27.649+0000 INFO [o.n.k.i.DiagnosticsManager]       relationship:
2018-05-21 16:17:27.649+0000 INFO [o.n.k.i.DiagnosticsManager]         __types__:
2018-05-21 16:17:27.649+0000 INFO [o.n.k.i.DiagnosticsManager]           _2d.fdt: 2018-05-21T10:04:41-0600 - 1.23 MB
2018-05-21 16:17:27.649+0000 INFO [o.n.k.i.DiagnosticsManager]           _2d.fdx: 2018-05-21T10:04:41-0600 - 2.58 kB
2018-05-21 16:17:27.649+0000 INFO [o.n.k.i.DiagnosticsManager]           _2d.fnm: 2018-05-21T10:04:41-0600 - 442.00 B
2018-05-21 16:17:27.650+0000 INFO [o.n.k.i.DiagnosticsManager]           _2d.nvd: 2018-05-21T10:04:41-0600 - 92.57 kB
2018-05-21 16:17:27.650+0000 INFO [o.n.k.i.DiagnosticsManager]           _2d.nvm: 2018-05-21T10:04:41-0600 - 108.00 B
2018-05-21 16:17:27.650+0000 INFO [o.n.k.i.DiagnosticsManager]           _2d.si: 2018-05-21T10:04:41-0600 - 503.00 B
2018-05-21 16:17:27.650+0000 INFO [o.n.k.i.DiagnosticsManager]           _2d_Lucene50_0.doc: 2018-05-21T10:04:41-0600 - 281.04 kB
2018-05-21 16:17:27.650+0000 INFO [o.n.k.i.DiagnosticsManager]           _2d_Lucene50_0.pos: 2018-05-21T10:04:41-0600 - 290.82 kB
2018-05-21 16:17:27.651+0000 INFO [o.n.k.i.DiagnosticsManager]           _2d_Lucene50_0.tim: 2018-05-21T10:04:41-0600 - 1.39 MB
2018-05-21 16:17:27.651+0000 INFO [o.n.k.i.DiagnosticsManager]           _2d_Lucene50_0.tip: 2018-05-21T10:04:41-0600 - 24.32 kB
2018-05-21 16:17:27.651+0000 INFO [o.n.k.i.DiagnosticsManager]           segments_d: 2018-05-21T10:04:41-0600 - 137.00 B
2018-05-21 16:17:27.651+0000 INFO [o.n.k.i.DiagnosticsManager]         - Total: 2018-05-21T10:04:41-0600 - 3.30 MB
2018-05-21 16:17:27.651+0000 INFO [o.n.k.i.DiagnosticsManager]       - Total: 2018-05-21T10:04:41-0600 - 3.30 MB
2018-05-21 16:17:27.651+0000 INFO [o.n.k.i.DiagnosticsManager]     - Total: 2018-05-21T10:04:41-0600 - 9.43 MB
2018-05-21 16:17:27.652+0000 INFO [o.n.k.i.DiagnosticsManager]     lucene-store.db: 2018-05-21T10:04:41-0600 - 40.00 B
2018-05-21 16:17:27.652+0000 INFO [o.n.k.i.DiagnosticsManager]     lucene.log.active: 2018-05-21T10:04:41-0600 - 4.00 B
2018-05-21 16:17:27.652+0000 INFO [o.n.k.i.DiagnosticsManager]     lucene.log.v17: 2018-05-21T10:04:41-0600 - 16.00 B
2018-05-21 16:17:27.652+0000 INFO [o.n.k.i.DiagnosticsManager]     lucene.log.v18: 2018-05-21T10:04:41-0600 - 16.00 B
2018-05-21 16:17:27.652+0000 INFO [o.n.k.i.DiagnosticsManager]     lucene.log.v19: 2018-05-21T10:04:41-0600 - 16.00 B
2018-05-21 16:17:27.652+0000 INFO [o.n.k.i.DiagnosticsManager]     lucene.log.v20: 2018-05-21T10:04:41-0600 - 16.00 B
2018-05-21 16:17:27.652+0000 INFO [o.n.k.i.DiagnosticsManager]     lucene.log.v21: 2018-05-21T10:04:41-0600 - 16.00 B
2018-05-21 16:17:27.653+0000 INFO [o.n.k.i.DiagnosticsManager]     lucene.log.v22: 2018-05-21T10:04:41-0600 - 16.00 B
2018-05-21 16:17:27.653+0000 INFO [o.n.k.i.DiagnosticsManager]     lucene.log.v23: 2018-05-21T10:04:41-0600 - 16.00 B
2018-05-21 16:17:27.653+0000 INFO [o.n.k.i.DiagnosticsManager]   - Total: 2018-05-21T10:04:41-0600 - 9.43 MB
2018-05-21 16:17:27.653+0000 INFO [o.n.k.i.DiagnosticsManager]   index.db: 2018-05-21T10:04:41-0600 - 569.00 B
2018-05-21 16:17:27.653+0000 INFO [o.n.k.i.DiagnosticsManager]   logs:
2018-05-21 16:17:27.654+0000 INFO [o.n.k.i.DiagnosticsManager]     debug.log: 2018-05-21T10:17:27-0600 - 55.37 kB
2018-05-21 16:17:27.654+0000 INFO [o.n.k.i.DiagnosticsManager]   - Total: 2018-05-21T10:17:25-0600 - 55.37 kB
2018-05-21 16:17:27.654+0000 INFO [o.n.k.i.DiagnosticsManager]   neostore: 2018-05-21T10:17:26-0600 - 8.00 kB
2018-05-21 16:17:27.654+0000 INFO [o.n.k.i.DiagnosticsManager]   neostore.counts.db.a: 2018-05-21T10:04:41-0600 - 1.13 kB
2018-05-21 16:17:27.655+0000 INFO [o.n.k.i.DiagnosticsManager]   neostore.counts.db.b: 2018-05-21T10:04:41-0600 - 1.44 kB
2018-05-21 16:17:27.655+0000 INFO [o.n.k.i.DiagnosticsManager]   neostore.id: 2018-05-21T10:17:26-0600 - 9.00 B
2018-05-21 16:17:27.655+0000 INFO [o.n.k.i.DiagnosticsManager]   neostore.labelscanstore.db: 2018-05-21T10:17:27-0600 - 176.00 kB
2018-05-21 16:17:27.655+0000 INFO [o.n.k.i.DiagnosticsManager]   neostore.labeltokenstore.db: 2018-05-21T10:04:41-0600 - 25.00 B
2018-05-21 16:17:27.656+0000 INFO [o.n.k.i.DiagnosticsManager]   neostore.labeltokenstore.db.id: 2018-05-21T10:17:26-0600 - 9.00 B
2018-05-21 16:17:27.656+0000 INFO [o.n.k.i.DiagnosticsManager]   neostore.labeltokenstore.db.names: 2018-05-21T10:04:41-0600 - 228.00 B
2018-05-21 16:17:27.656+0000 INFO [o.n.k.i.DiagnosticsManager]   neostore.labeltokenstore.db.names.id: 2018-05-21T10:17:26-0600 - 9.00 B
2018-05-21 16:17:27.656+0000 INFO [o.n.k.i.DiagnosticsManager]   neostore.nodestore.db: 2018-05-21T10:04:41-0600 - 1.02 MB
2018-05-21 16:17:27.656+0000 INFO [o.n.k.i.DiagnosticsManager]   neostore.nodestore.db.id: 2018-05-21T10:17:26-0600 - 9.00 B
2018-05-21 16:17:27.656+0000 INFO [o.n.k.i.DiagnosticsManager]   neostore.nodestore.db.labels: 2018-05-21T10:04:41-0600 - 68.00 B
2018-05-21 16:17:27.656+0000 INFO [o.n.k.i.DiagnosticsManager]   neostore.nodestore.db.labels.id: 2018-05-21T10:17:26-0600 - 9.00 B
2018-05-21 16:17:27.657+0000 INFO [o.n.k.i.DiagnosticsManager]   neostore.propertystore.db: 2018-05-21T10:04:41-0600 - 16.69 MB
2018-05-21 16:17:27.657+0000 INFO [o.n.k.i.DiagnosticsManager]   neostore.propertystore.db.arrays: 2018-05-21T10:04:41-0600 - 128.00 B
2018-05-21 16:17:27.657+0000 INFO [o.n.k.i.DiagnosticsManager]   neostore.propertystore.db.arrays.id: 2018-05-21T10:17:26-0600 - 9.00 B
2018-05-21 16:17:27.657+0000 INFO [o.n.k.i.DiagnosticsManager]   neostore.propertystore.db.id: 2018-05-21T10:17:26-0600 - 739.93 kB
2018-05-21 16:17:27.657+0000 INFO [o.n.k.i.DiagnosticsManager]   neostore.propertystore.db.index: 2018-05-21T10:04:41-0600 - 243.00 B
2018-05-21 16:17:27.657+0000 INFO [o.n.k.i.DiagnosticsManager]   neostore.propertystore.db.index.id: 2018-05-21T10:17:26-0600 - 9.00 B
2018-05-21 16:17:27.658+0000 INFO [o.n.k.i.DiagnosticsManager]   neostore.propertystore.db.index.keys: 2018-05-21T10:04:41-0600 - 1.04 kB
2018-05-21 16:17:27.658+0000 INFO [o.n.k.i.DiagnosticsManager]   neostore.propertystore.db.index.keys.id: 2018-05-21T10:17:26-0600 - 9.00 B
2018-05-21 16:17:27.658+0000 INFO [o.n.k.i.DiagnosticsManager]   neostore.propertystore.db.strings: 2018-05-21T10:04:41-0600 - 17.97 MB
2018-05-21 16:17:27.658+0000 INFO [o.n.k.i.DiagnosticsManager]   neostore.propertystore.db.strings.id: 2018-05-21T10:17:26-0600 - 9.00 B
2018-05-21 16:17:27.658+0000 INFO [o.n.k.i.DiagnosticsManager]   neostore.relationshipgroupstore.db: 2018-05-21T10:04:41-0600 - 1.54 kB
2018-05-21 16:17:27.658+0000 INFO [o.n.k.i.DiagnosticsManager]   neostore.relationshipgroupstore.db.id: 2018-05-21T10:17:26-0600 - 9.00 B
2018-05-21 16:17:27.658+0000 INFO [o.n.k.i.DiagnosticsManager]   neostore.relationshipstore.db: 2018-05-21T10:04:41-0600 - 3.95 MB
2018-05-21 16:17:27.659+0000 INFO [o.n.k.i.DiagnosticsManager]   neostore.relationshipstore.db.id: 2018-05-21T10:17:26-0600 - 9.00 B
2018-05-21 16:17:27.659+0000 INFO [o.n.k.i.DiagnosticsManager]   neostore.relationshiptypestore.db: 2018-05-21T10:04:41-0600 - 25.00 B
2018-05-21 16:17:27.659+0000 INFO [o.n.k.i.DiagnosticsManager]   neostore.relationshiptypestore.db.id: 2018-05-21T10:17:26-0600 - 9.00 B
2018-05-21 16:17:27.659+0000 INFO [o.n.k.i.DiagnosticsManager]   neostore.relationshiptypestore.db.names: 2018-05-21T10:04:41-0600 - 228.00 B
2018-05-21 16:17:27.659+0000 INFO [o.n.k.i.DiagnosticsManager]   neostore.relationshiptypestore.db.names.id: 2018-05-21T10:17:26-0600 - 9.00 B
2018-05-21 16:17:27.660+0000 INFO [o.n.k.i.DiagnosticsManager]   neostore.schemastore.db: 2018-05-21T10:04:41-0600 - 640.00 B
2018-05-21 16:17:27.660+0000 INFO [o.n.k.i.DiagnosticsManager]   neostore.schemastore.db.id: 2018-05-21T10:17:26-0600 - 9.00 B
2018-05-21 16:17:27.660+0000 INFO [o.n.k.i.DiagnosticsManager]   neostore.transaction.db.0: 2018-05-21T10:04:41-0600 - 34.00 B
2018-05-21 16:17:27.660+0000 INFO [o.n.k.i.DiagnosticsManager]   neostore.transaction.db.29: 2018-05-21T10:04:41-0600 - 34.00 B
2018-05-21 16:17:27.660+0000 INFO [o.n.k.i.DiagnosticsManager]   schema:
2018-05-21 16:17:27.660+0000 INFO [o.n.k.i.DiagnosticsManager]     index:
2018-05-21 16:17:27.660+0000 INFO [o.n.k.i.DiagnosticsManager]       lucene:
2018-05-21 16:17:27.661+0000 INFO [o.n.k.i.DiagnosticsManager]         1:
2018-05-21 16:17:27.661+0000 INFO [o.n.k.i.DiagnosticsManager]           1:
2018-05-21 16:17:27.661+0000 INFO [o.n.k.i.DiagnosticsManager]             _0.cfe: 2018-05-21T10:04:41-0600 - 305.00 B
2018-05-21 16:17:27.661+0000 INFO [o.n.k.i.DiagnosticsManager]             _0.cfs: 2018-05-21T10:04:41-0600 - 1.15 MB
2018-05-21 16:17:27.662+0000 INFO [o.n.k.i.DiagnosticsManager]             _0.si: 2018-05-21T10:04:41-0600 - 364.00 B
2018-05-21 16:17:27.662+0000 INFO [o.n.k.i.DiagnosticsManager]             _1.cfe: 2018-05-21T10:04:41-0600 - 305.00 B
2018-05-21 16:17:27.662+0000 INFO [o.n.k.i.DiagnosticsManager]             _1.cfs: 2018-05-21T10:04:41-0600 - 298.22 kB
2018-05-21 16:17:27.662+0000 INFO [o.n.k.i.DiagnosticsManager]             _1.si: 2018-05-21T10:04:41-0600 - 364.00 B
2018-05-21 16:17:27.663+0000 INFO [o.n.k.i.DiagnosticsManager]             segments_2: 2018-05-21T10:04:41-0600 - 212.00 B
2018-05-21 16:17:27.663+0000 INFO [o.n.k.i.DiagnosticsManager]             write.lock: 2018-05-21T10:04:41-0600 - 0.00 B
2018-05-21 16:17:27.663+0000 INFO [o.n.k.i.DiagnosticsManager]           - Total: 2018-05-21T10:04:41-0600 - 1.44 MB
2018-05-21 16:17:27.664+0000 INFO [o.n.k.i.DiagnosticsManager]           failure-message: 2018-05-21T10:04:41-0600 - 16.00 kB
2018-05-21 16:17:27.664+0000 INFO [o.n.k.i.DiagnosticsManager]         - Total: 2018-05-21T10:04:41-0600 - 1.46 MB
2018-05-21 16:17:27.664+0000 INFO [o.n.k.i.DiagnosticsManager]         2:
2018-05-21 16:17:27.664+0000 INFO [o.n.k.i.DiagnosticsManager]           1:
2018-05-21 16:17:27.665+0000 INFO [o.n.k.i.DiagnosticsManager]             _0.cfe: 2018-05-21T10:04:41-0600 - 305.00 B
2018-05-21 16:17:27.665+0000 INFO [o.n.k.i.DiagnosticsManager]             _0.cfs: 2018-05-21T10:04:41-0600 - 436.48 kB
2018-05-21 16:17:27.665+0000 INFO [o.n.k.i.DiagnosticsManager]             _0.si: 2018-05-21T10:04:41-0600 - 364.00 B
2018-05-21 16:17:27.665+0000 INFO [o.n.k.i.DiagnosticsManager]             segments_2: 2018-05-21T10:04:41-0600 - 150.00 B
2018-05-21 16:17:27.665+0000 INFO [o.n.k.i.DiagnosticsManager]             write.lock: 2018-05-21T10:04:41-0600 - 0.00 B
2018-05-21 16:17:27.665+0000 INFO [o.n.k.i.DiagnosticsManager]           - Total: 2018-05-21T10:04:41-0600 - 437.28 kB
2018-05-21 16:17:27.666+0000 INFO [o.n.k.i.DiagnosticsManager]           failure-message: 2018-05-21T10:04:41-0600 - 16.00 kB
2018-05-21 16:17:27.666+0000 INFO [o.n.k.i.DiagnosticsManager]         - Total: 2018-05-21T10:04:41-0600 - 453.28 kB
2018-05-21 16:17:27.666+0000 INFO [o.n.k.i.DiagnosticsManager]         3:
2018-05-21 16:17:27.666+0000 INFO [o.n.k.i.DiagnosticsManager]           1:
2018-05-21 16:17:27.666+0000 INFO [o.n.k.i.DiagnosticsManager]             _0.cfe: 2018-05-21T10:04:41-0600 - 305.00 B
2018-05-21 16:17:27.666+0000 INFO [o.n.k.i.DiagnosticsManager]             _0.cfs: 2018-05-21T10:04:41-0600 - 1.00 MB
2018-05-21 16:17:27.666+0000 INFO [o.n.k.i.DiagnosticsManager]             _0.si: 2018-05-21T10:04:41-0600 - 364.00 B
2018-05-21 16:17:27.667+0000 INFO [o.n.k.i.DiagnosticsManager]             _1.cfe: 2018-05-21T10:04:41-0600 - 305.00 B
2018-05-21 16:17:27.667+0000 INFO [o.n.k.i.DiagnosticsManager]             _1.cfs: 2018-05-21T10:04:41-0600 - 294.15 kB
2018-05-21 16:17:27.667+0000 INFO [o.n.k.i.DiagnosticsManager]             _1.si: 2018-05-21T10:04:41-0600 - 364.00 B
2018-05-21 16:17:27.667+0000 INFO [o.n.k.i.DiagnosticsManager]             segments_2: 2018-05-21T10:04:41-0600 - 212.00 B
2018-05-21 16:17:27.667+0000 INFO [o.n.k.i.DiagnosticsManager]             write.lock: 2018-05-21T10:04:41-0600 - 0.00 B
2018-05-21 16:17:27.667+0000 INFO [o.n.k.i.DiagnosticsManager]           - Total: 2018-05-21T10:04:41-0600 - 1.29 MB
2018-05-21 16:17:27.667+0000 INFO [o.n.k.i.DiagnosticsManager]           failure-message: 2018-05-21T10:04:41-0600 - 16.00 kB
2018-05-21 16:17:27.668+0000 INFO [o.n.k.i.DiagnosticsManager]         - Total: 2018-05-21T10:04:41-0600 - 1.31 MB
2018-05-21 16:17:27.668+0000 INFO [o.n.k.i.DiagnosticsManager]         4:
2018-05-21 16:17:27.668+0000 INFO [o.n.k.i.DiagnosticsManager]           1:
2018-05-21 16:17:27.668+0000 INFO [o.n.k.i.DiagnosticsManager]             _0.cfe: 2018-05-21T10:04:41-0600 - 305.00 B
2018-05-21 16:17:27.668+0000 INFO [o.n.k.i.DiagnosticsManager]             _0.cfs: 2018-05-21T10:04:41-0600 - 189.03 kB
2018-05-21 16:17:27.668+0000 INFO [o.n.k.i.DiagnosticsManager]             _0.si: 2018-05-21T10:04:41-0600 - 364.00 B
2018-05-21 16:17:27.669+0000 INFO [o.n.k.i.DiagnosticsManager]             segments_2: 2018-05-21T10:04:41-0600 - 150.00 B
2018-05-21 16:17:27.669+0000 INFO [o.n.k.i.DiagnosticsManager]             write.lock: 2018-05-21T10:04:41-0600 - 0.00 B
2018-05-21 16:17:27.669+0000 INFO [o.n.k.i.DiagnosticsManager]           - Total: 2018-05-21T10:04:41-0600 - 189.83 kB
2018-05-21 16:17:27.669+0000 INFO [o.n.k.i.DiagnosticsManager]           failure-message: 2018-05-21T10:04:41-0600 - 16.00 kB
2018-05-21 16:17:27.669+0000 INFO [o.n.k.i.DiagnosticsManager]         - Total: 2018-05-21T10:04:41-0600 - 205.83 kB
2018-05-21 16:17:27.670+0000 INFO [o.n.k.i.DiagnosticsManager]         8:
2018-05-21 16:17:27.670+0000 INFO [o.n.k.i.DiagnosticsManager]           1:
2018-05-21 16:17:27.670+0000 INFO [o.n.k.i.DiagnosticsManager]             _0.cfe: 2018-05-21T10:04:41-0600 - 305.00 B
2018-05-21 16:17:27.670+0000 INFO [o.n.k.i.DiagnosticsManager]             _0.cfs: 2018-05-21T10:04:41-0600 - 2.73 kB
2018-05-21 16:17:27.670+0000 INFO [o.n.k.i.DiagnosticsManager]             _0.si: 2018-05-21T10:04:41-0600 - 364.00 B
2018-05-21 16:17:27.671+0000 INFO [o.n.k.i.DiagnosticsManager]             segments_2: 2018-05-21T10:04:41-0600 - 150.00 B
2018-05-21 16:17:27.671+0000 INFO [o.n.k.i.DiagnosticsManager]             write.lock: 2018-05-21T10:04:41-0600 - 0.00 B
2018-05-21 16:17:27.671+0000 INFO [o.n.k.i.DiagnosticsManager]           - Total: 2018-05-21T10:04:41-0600 - 3.53 kB
2018-05-21 16:17:27.671+0000 INFO [o.n.k.i.DiagnosticsManager]           failure-message: 2018-05-21T10:04:41-0600 - 16.00 kB
2018-05-21 16:17:27.671+0000 INFO [o.n.k.i.DiagnosticsManager]         - Total: 2018-05-21T10:04:41-0600 - 19.53 kB
2018-05-21 16:17:27.671+0000 INFO [o.n.k.i.DiagnosticsManager]       - Total: 2018-05-21T10:04:41-0600 - 3.43 MB
2018-05-21 16:17:27.671+0000 INFO [o.n.k.i.DiagnosticsManager]     - Total: 2018-05-21T10:04:41-0600 - 3.43 MB
2018-05-21 16:17:27.672+0000 INFO [o.n.k.i.DiagnosticsManager]     label:
2018-05-21 16:17:27.672+0000 INFO [o.n.k.i.DiagnosticsManager]     - Total: 2018-05-21T10:04:41-0600 - 0.00 B
2018-05-21 16:17:27.672+0000 INFO [o.n.k.i.DiagnosticsManager]   - Total: 2018-05-21T10:04:41-0600 - 3.43 MB
2018-05-21 16:17:27.672+0000 INFO [o.n.k.i.DiagnosticsManager]   store_lock: 2018-05-21T10:04:41-0600 - 0.00 B
2018-05-21 16:17:27.672+0000 INFO [o.n.k.i.DiagnosticsManager] Storage summary: 
2018-05-21 16:17:27.672+0000 INFO [o.n.k.i.DiagnosticsManager]   Total size of store: 53.45 MB
2018-05-21 16:17:27.673+0000 INFO [o.n.k.i.DiagnosticsManager]   Total size of mapped files: 39.81 MB
2018-05-21 16:17:27.673+0000 INFO [o.n.k.i.DiagnosticsManager] --- STARTED diagnostics for KernelDiagnostics:StoreFiles END ---
2018-05-21 16:17:45.777+0000 INFO [o.n.k.i.f.GraphDatabaseFacadeFactory] Shutdown started
2018-05-21 16:17:45.778+0000 INFO [o.n.k.i.f.GraphDatabaseFacadeFactory] Database is now unavailable
2018-05-21 16:17:45.785+0000 INFO [o.n.k.i.t.l.c.CheckPointerImpl] Checkpoint triggered by database shutdown @ txId: 199 checkpoint started...
2018-05-21 16:17:45.806+0000 INFO [o.n.k.i.t.l.c.CheckPointerImpl] Checkpoint triggered by database shutdown @ txId: 199 checkpoint completed in 21ms
2018-05-21 16:17:45.807+0000 INFO [o.n.k.i.t.l.p.LogPruningImpl] No log version pruned, last checkpoint was made in version 0
2018-05-21 16:17:45.821+0000 INFO [o.n.k.i.DiagnosticsManager] --- STOPPING diagnostics START ---
2018-05-21 16:17:45.821+0000 INFO [o.n.k.i.DiagnosticsManager] --- STOPPING diagnostics END ---
